{"C:\\Users\\user\\Documents\\work\\rsschool\\nodeJs\\ciphering-cli-tool\\ciphers\\index.js": {"path":"C:\\Users\\user\\Documents\\work\\rsschool\\nodeJs\\ciphering-cli-tool\\ciphers\\index.js","all":false,"statementMap":{"0":{"start":{"line":1,"column":0},"end":{"line":1,"column":75}},"1":{"start":{"line":2,"column":0},"end":{"line":2,"column":76}},"2":{"start":{"line":3,"column":0},"end":{"line":3,"column":0}},"3":{"start":{"line":4,"column":0},"end":{"line":4,"column":34}},"4":{"start":{"line":5,"column":0},"end":{"line":5,"column":28}},"5":{"start":{"line":6,"column":0},"end":{"line":6,"column":39}},"6":{"start":{"line":7,"column":0},"end":{"line":7,"column":25}},"7":{"start":{"line":8,"column":0},"end":{"line":8,"column":3}},"8":{"start":{"line":9,"column":0},"end":{"line":9,"column":0}},"9":{"start":{"line":10,"column":0},"end":{"line":10,"column":17}},"10":{"start":{"line":11,"column":0},"end":{"line":11,"column":2}},"11":{"start":{"line":12,"column":0},"end":{"line":12,"column":0}},"12":{"start":{"line":13,"column":0},"end":{"line":13,"column":41}},"13":{"start":{"line":14,"column":0},"end":{"line":14,"column":19}},"14":{"start":{"line":15,"column":0},"end":{"line":15,"column":34}},"15":{"start":{"line":16,"column":0},"end":{"line":16,"column":26}},"16":{"start":{"line":17,"column":0},"end":{"line":17,"column":34}},"17":{"start":{"line":18,"column":0},"end":{"line":18,"column":3}},"18":{"start":{"line":19,"column":0},"end":{"line":19,"column":0}},"19":{"start":{"line":20,"column":0},"end":{"line":20,"column":14}},"20":{"start":{"line":21,"column":0},"end":{"line":21,"column":2}},"21":{"start":{"line":22,"column":0},"end":{"line":22,"column":0}},"22":{"start":{"line":23,"column":0},"end":{"line":23,"column":40}},"23":{"start":{"line":24,"column":0},"end":{"line":24,"column":31}},"24":{"start":{"line":25,"column":0},"end":{"line":25,"column":0}},"25":{"start":{"line":26,"column":0},"end":{"line":26,"column":35}},"26":{"start":{"line":27,"column":0},"end":{"line":27,"column":16}},"27":{"start":{"line":28,"column":0},"end":{"line":28,"column":33}},"28":{"start":{"line":29,"column":0},"end":{"line":29,"column":33}},"29":{"start":{"line":30,"column":0},"end":{"line":30,"column":39}},"30":{"start":{"line":31,"column":0},"end":{"line":31,"column":37}},"31":{"start":{"line":32,"column":0},"end":{"line":32,"column":3}},"32":{"start":{"line":33,"column":0},"end":{"line":33,"column":0}},"33":{"start":{"line":34,"column":0},"end":{"line":34,"column":36}},"34":{"start":{"line":35,"column":0},"end":{"line":35,"column":16}},"35":{"start":{"line":36,"column":0},"end":{"line":36,"column":33}},"36":{"start":{"line":37,"column":0},"end":{"line":37,"column":33}},"37":{"start":{"line":38,"column":0},"end":{"line":38,"column":39}},"38":{"start":{"line":39,"column":0},"end":{"line":39,"column":37}},"39":{"start":{"line":40,"column":0},"end":{"line":40,"column":3}},"40":{"start":{"line":41,"column":0},"end":{"line":41,"column":0}},"41":{"start":{"line":42,"column":0},"end":{"line":42,"column":14}},"42":{"start":{"line":43,"column":0},"end":{"line":43,"column":2}},"43":{"start":{"line":44,"column":0},"end":{"line":44,"column":0}},"44":{"start":{"line":45,"column":0},"end":{"line":45,"column":35}},"45":{"start":{"line":46,"column":0},"end":{"line":46,"column":31}},"46":{"start":{"line":47,"column":0},"end":{"line":47,"column":68}},"47":{"start":{"line":48,"column":0},"end":{"line":48,"column":16}},"48":{"start":{"line":49,"column":0},"end":{"line":49,"column":3}},"49":{"start":{"line":50,"column":0},"end":{"line":50,"column":0}},"50":{"start":{"line":51,"column":0},"end":{"line":51,"column":20}},"51":{"start":{"line":52,"column":0},"end":{"line":52,"column":0}},"52":{"start":{"line":53,"column":0},"end":{"line":53,"column":35}},"53":{"start":{"line":54,"column":0},"end":{"line":54,"column":27}},"54":{"start":{"line":55,"column":0},"end":{"line":55,"column":27}},"55":{"start":{"line":56,"column":0},"end":{"line":56,"column":3}},"56":{"start":{"line":57,"column":0},"end":{"line":57,"column":0}},"57":{"start":{"line":58,"column":0},"end":{"line":58,"column":36}},"58":{"start":{"line":59,"column":0},"end":{"line":59,"column":27}},"59":{"start":{"line":60,"column":0},"end":{"line":60,"column":27}},"60":{"start":{"line":61,"column":0},"end":{"line":61,"column":3}},"61":{"start":{"line":62,"column":0},"end":{"line":62,"column":0}},"62":{"start":{"line":63,"column":0},"end":{"line":63,"column":19}},"63":{"start":{"line":64,"column":0},"end":{"line":64,"column":19}},"64":{"start":{"line":65,"column":0},"end":{"line":65,"column":35}},"65":{"start":{"line":66,"column":0},"end":{"line":66,"column":2}},"66":{"start":{"line":67,"column":0},"end":{"line":67,"column":0}},"67":{"start":{"line":68,"column":0},"end":{"line":68,"column":37}},"68":{"start":{"line":69,"column":0},"end":{"line":69,"column":33}},"69":{"start":{"line":70,"column":0},"end":{"line":70,"column":11}},"70":{"start":{"line":71,"column":0},"end":{"line":71,"column":3}},"71":{"start":{"line":72,"column":0},"end":{"line":72,"column":0}},"72":{"start":{"line":73,"column":0},"end":{"line":73,"column":44}},"73":{"start":{"line":74,"column":0},"end":{"line":74,"column":18}},"74":{"start":{"line":75,"column":0},"end":{"line":75,"column":0}},"75":{"start":{"line":76,"column":0},"end":{"line":76,"column":43}},"76":{"start":{"line":77,"column":0},"end":{"line":77,"column":43}},"77":{"start":{"line":78,"column":0},"end":{"line":78,"column":3}},"78":{"start":{"line":79,"column":0},"end":{"line":79,"column":16}},"79":{"start":{"line":80,"column":0},"end":{"line":80,"column":2}},"80":{"start":{"line":81,"column":0},"end":{"line":81,"column":0}},"81":{"start":{"line":82,"column":0},"end":{"line":82,"column":34}},"82":{"start":{"line":83,"column":0},"end":{"line":83,"column":33}},"83":{"start":{"line":84,"column":0},"end":{"line":84,"column":11}},"84":{"start":{"line":85,"column":0},"end":{"line":85,"column":3}},"85":{"start":{"line":86,"column":0},"end":{"line":86,"column":0}},"86":{"start":{"line":87,"column":0},"end":{"line":87,"column":44}},"87":{"start":{"line":88,"column":0},"end":{"line":88,"column":18}},"88":{"start":{"line":89,"column":0},"end":{"line":89,"column":0}},"89":{"start":{"line":90,"column":0},"end":{"line":90,"column":43}},"90":{"start":{"line":91,"column":0},"end":{"line":91,"column":43}},"91":{"start":{"line":92,"column":0},"end":{"line":92,"column":3}},"92":{"start":{"line":93,"column":0},"end":{"line":93,"column":16}},"93":{"start":{"line":94,"column":0},"end":{"line":94,"column":2}},"94":{"start":{"line":95,"column":0},"end":{"line":95,"column":0}},"95":{"start":{"line":96,"column":0},"end":{"line":96,"column":25}},"96":{"start":{"line":97,"column":0},"end":{"line":97,"column":33}},"97":{"start":{"line":98,"column":0},"end":{"line":98,"column":11}},"98":{"start":{"line":99,"column":0},"end":{"line":99,"column":3}},"99":{"start":{"line":100,"column":0},"end":{"line":100,"column":0}},"100":{"start":{"line":101,"column":0},"end":{"line":101,"column":18}},"101":{"start":{"line":102,"column":0},"end":{"line":102,"column":0}},"102":{"start":{"line":103,"column":0},"end":{"line":103,"column":43}},"103":{"start":{"line":104,"column":0},"end":{"line":104,"column":38}},"104":{"start":{"line":105,"column":0},"end":{"line":105,"column":3}},"105":{"start":{"line":106,"column":0},"end":{"line":106,"column":16}},"106":{"start":{"line":107,"column":0},"end":{"line":107,"column":2}},"107":{"start":{"line":108,"column":0},"end":{"line":108,"column":0}},"108":{"start":{"line":109,"column":0},"end":{"line":109,"column":30}},"109":{"start":{"line":110,"column":0},"end":{"line":110,"column":10}},"110":{"start":{"line":111,"column":0},"end":{"line":111,"column":25}},"111":{"start":{"line":112,"column":0},"end":{"line":112,"column":22}},"112":{"start":{"line":113,"column":0},"end":{"line":113,"column":11}},"113":{"start":{"line":114,"column":0},"end":{"line":114,"column":12}},"114":{"start":{"line":115,"column":0},"end":{"line":115,"column":1}}},"s":{"0":1,"1":1,"2":1,"3":8,"4":8,"5":8,"6":208,"7":208,"8":8,"9":8,"10":8,"11":1,"12":1,"13":744,"14":57,"15":744,"16":86,"17":86,"18":744,"19":744,"20":744,"21":1,"22":1,"23":1008,"24":1008,"25":1008,"26":696,"27":696,"28":696,"29":696,"30":696,"31":696,"32":312,"33":984,"34":48,"35":48,"36":48,"37":48,"38":48,"39":48,"40":264,"41":264,"42":264,"43":1,"44":1,"45":462,"46":462,"47":110,"48":110,"49":352,"50":352,"51":352,"52":462,"53":332,"54":332,"55":332,"56":352,"57":462,"58":20,"59":20,"60":20,"61":352,"62":352,"63":352,"64":352,"65":352,"66":1,"67":1,"68":13,"69":0,"70":0,"71":13,"72":13,"73":13,"74":13,"75":13,"76":463,"77":463,"78":13,"79":13,"80":1,"81":1,"82":15,"83":0,"84":0,"85":15,"86":15,"87":15,"88":15,"89":15,"90":545,"91":545,"92":15,"93":15,"94":1,"95":1,"96":12,"97":0,"98":0,"99":12,"100":12,"101":12,"102":12,"103":462,"104":462,"105":12,"106":12,"107":1,"108":1,"109":37,"110":37,"111":37,"112":37,"113":37,"114":37},"branchMap":{"0":{"type":"branch","line":4,"loc":{"start":{"line":4,"column":0},"end":{"line":11,"column":2}},"locations":[{"start":{"line":4,"column":0},"end":{"line":11,"column":2}}]},"1":{"type":"branch","line":6,"loc":{"start":{"line":6,"column":38},"end":{"line":8,"column":3}},"locations":[{"start":{"line":6,"column":38},"end":{"line":8,"column":3}}]},"2":{"type":"branch","line":13,"loc":{"start":{"line":13,"column":20},"end":{"line":21,"column":2}},"locations":[{"start":{"line":13,"column":20},"end":{"line":21,"column":2}}]},"3":{"type":"branch","line":14,"loc":{"start":{"line":14,"column":18},"end":{"line":16,"column":9}},"locations":[{"start":{"line":14,"column":18},"end":{"line":16,"column":9}}]},"4":{"type":"branch","line":16,"loc":{"start":{"line":16,"column":3},"end":{"line":18,"column":3}},"locations":[{"start":{"line":16,"column":3},"end":{"line":18,"column":3}}]},"5":{"type":"branch","line":16,"loc":{"start":{"line":16,"column":25},"end":{"line":18,"column":3}},"locations":[{"start":{"line":16,"column":25},"end":{"line":18,"column":3}}]},"6":{"type":"branch","line":23,"loc":{"start":{"line":23,"column":24},"end":{"line":43,"column":2}},"locations":[{"start":{"line":23,"column":24},"end":{"line":43,"column":2}}]},"7":{"type":"branch","line":26,"loc":{"start":{"line":26,"column":34},"end":{"line":32,"column":3}},"locations":[{"start":{"line":26,"column":34},"end":{"line":32,"column":3}}]},"8":{"type":"branch","line":33,"loc":{"start":{"line":33,"column":-2},"end":{"line":43,"column":2}},"locations":[{"start":{"line":33,"column":-2},"end":{"line":43,"column":2}}]},"9":{"type":"branch","line":33,"loc":{"start":{"line":33,"column":-2},"end":{"line":34,"column":6}},"locations":[{"start":{"line":33,"column":-2},"end":{"line":34,"column":6}}]},"10":{"type":"branch","line":34,"loc":{"start":{"line":34,"column":35},"end":{"line":40,"column":3}},"locations":[{"start":{"line":34,"column":35},"end":{"line":40,"column":3}}]},"11":{"type":"branch","line":41,"loc":{"start":{"line":41,"column":-2},"end":{"line":43,"column":2}},"locations":[{"start":{"line":41,"column":-2},"end":{"line":43,"column":2}}]},"12":{"type":"branch","line":45,"loc":{"start":{"line":45,"column":25},"end":{"line":66,"column":2}},"locations":[{"start":{"line":45,"column":25},"end":{"line":66,"column":2}}]},"13":{"type":"branch","line":47,"loc":{"start":{"line":47,"column":6},"end":{"line":47,"column":55}},"locations":[{"start":{"line":47,"column":6},"end":{"line":47,"column":55}}]},"14":{"type":"branch","line":47,"loc":{"start":{"line":47,"column":67},"end":{"line":49,"column":3}},"locations":[{"start":{"line":47,"column":67},"end":{"line":49,"column":3}}]},"15":{"type":"branch","line":50,"loc":{"start":{"line":50,"column":-2},"end":{"line":53,"column":6}},"locations":[{"start":{"line":50,"column":-2},"end":{"line":53,"column":6}}]},"16":{"type":"branch","line":53,"loc":{"start":{"line":53,"column":34},"end":{"line":56,"column":3}},"locations":[{"start":{"line":53,"column":34},"end":{"line":56,"column":3}}]},"17":{"type":"branch","line":57,"loc":{"start":{"line":57,"column":-2},"end":{"line":58,"column":6}},"locations":[{"start":{"line":57,"column":-2},"end":{"line":58,"column":6}}]},"18":{"type":"branch","line":58,"loc":{"start":{"line":58,"column":35},"end":{"line":61,"column":3}},"locations":[{"start":{"line":58,"column":35},"end":{"line":61,"column":3}}]},"19":{"type":"branch","line":62,"loc":{"start":{"line":62,"column":-2},"end":{"line":66,"column":2}},"locations":[{"start":{"line":62,"column":-2},"end":{"line":66,"column":2}}]},"20":{"type":"branch","line":68,"loc":{"start":{"line":68,"column":21},"end":{"line":80,"column":2}},"locations":[{"start":{"line":68,"column":21},"end":{"line":80,"column":2}}]},"21":{"type":"branch","line":69,"loc":{"start":{"line":69,"column":32},"end":{"line":71,"column":3}},"locations":[{"start":{"line":69,"column":32},"end":{"line":71,"column":3}}]},"22":{"type":"branch","line":73,"loc":{"start":{"line":73,"column":14},"end":{"line":73,"column":41}},"locations":[{"start":{"line":73,"column":14},"end":{"line":73,"column":41}}]},"23":{"type":"branch","line":73,"loc":{"start":{"line":73,"column":14},"end":{"line":73,"column":44}},"locations":[{"start":{"line":73,"column":14},"end":{"line":73,"column":44}}]},"24":{"type":"branch","line":76,"loc":{"start":{"line":76,"column":42},"end":{"line":78,"column":3}},"locations":[{"start":{"line":76,"column":42},"end":{"line":78,"column":3}}]},"25":{"type":"branch","line":82,"loc":{"start":{"line":82,"column":18},"end":{"line":94,"column":2}},"locations":[{"start":{"line":82,"column":18},"end":{"line":94,"column":2}}]},"26":{"type":"branch","line":83,"loc":{"start":{"line":83,"column":32},"end":{"line":85,"column":3}},"locations":[{"start":{"line":83,"column":32},"end":{"line":85,"column":3}}]},"27":{"type":"branch","line":87,"loc":{"start":{"line":87,"column":14},"end":{"line":87,"column":41}},"locations":[{"start":{"line":87,"column":14},"end":{"line":87,"column":41}}]},"28":{"type":"branch","line":87,"loc":{"start":{"line":87,"column":14},"end":{"line":87,"column":44}},"locations":[{"start":{"line":87,"column":14},"end":{"line":87,"column":44}}]},"29":{"type":"branch","line":90,"loc":{"start":{"line":90,"column":42},"end":{"line":92,"column":3}},"locations":[{"start":{"line":90,"column":42},"end":{"line":92,"column":3}}]},"30":{"type":"branch","line":96,"loc":{"start":{"line":96,"column":16},"end":{"line":107,"column":2}},"locations":[{"start":{"line":96,"column":16},"end":{"line":107,"column":2}}]},"31":{"type":"branch","line":97,"loc":{"start":{"line":97,"column":32},"end":{"line":99,"column":3}},"locations":[{"start":{"line":97,"column":32},"end":{"line":99,"column":3}}]},"32":{"type":"branch","line":103,"loc":{"start":{"line":103,"column":42},"end":{"line":105,"column":3}},"locations":[{"start":{"line":103,"column":42},"end":{"line":105,"column":3}}]},"33":{"type":"branch","line":109,"loc":{"start":{"line":109,"column":18},"end":{"line":115,"column":1}},"locations":[{"start":{"line":109,"column":18},"end":{"line":115,"column":1}}]}},"b":{"0":[8],"1":[208],"2":[744],"3":[57],"4":[687],"5":[86],"6":[1008],"7":[696],"8":[984],"9":[312],"10":[48],"11":[264],"12":[462],"13":[130],"14":[110],"15":[352],"16":[332],"17":[352],"18":[20],"19":[352],"20":[13],"21":[0],"22":[9],"23":[4],"24":[463],"25":[15],"26":[0],"27":[6],"28":[9],"29":[545],"30":[12],"31":[0],"32":[462],"33":[37]},"fnMap":{"0":{"name":"createHashMap","decl":{"start":{"line":4,"column":0},"end":{"line":11,"column":2}},"loc":{"start":{"line":4,"column":0},"end":{"line":11,"column":2}},"line":4},"1":{"name":"getCharCode","decl":{"start":{"line":13,"column":20},"end":{"line":21,"column":2}},"loc":{"start":{"line":13,"column":20},"end":{"line":21,"column":2}},"line":13},"2":{"name":"getCipheredChar","decl":{"start":{"line":23,"column":24},"end":{"line":43,"column":2}},"loc":{"start":{"line":23,"column":24},"end":{"line":43,"column":2}},"line":23},"3":{"name":"getAtbashedChar","decl":{"start":{"line":45,"column":25},"end":{"line":66,"column":2}},"loc":{"start":{"line":45,"column":25},"end":{"line":66,"column":2}},"line":45},"4":{"name":"caesarCipher","decl":{"start":{"line":68,"column":21},"end":{"line":80,"column":2}},"loc":{"start":{"line":68,"column":21},"end":{"line":80,"column":2}},"line":68},"5":{"name":"rotCipher","decl":{"start":{"line":82,"column":18},"end":{"line":94,"column":2}},"loc":{"start":{"line":82,"column":18},"end":{"line":94,"column":2}},"line":82},"6":{"name":"atbash","decl":{"start":{"line":96,"column":16},"end":{"line":107,"column":2}},"loc":{"start":{"line":96,"column":16},"end":{"line":107,"column":2}},"line":96},"7":{"name":"Object.<anonymous>.module.exports","decl":{"start":{"line":109,"column":18},"end":{"line":115,"column":1}},"loc":{"start":{"line":109,"column":18},"end":{"line":115,"column":1}},"line":109}},"f":{"0":8,"1":744,"2":1008,"3":462,"4":13,"5":15,"6":12,"7":37}}
,"C:\\Users\\user\\Documents\\work\\rsschool\\nodeJs\\ciphering-cli-tool\\helpers\\cmd.js": {"path":"C:\\Users\\user\\Documents\\work\\rsschool\\nodeJs\\ciphering-cli-tool\\helpers\\cmd.js","all":false,"statementMap":{"0":{"start":{"line":1,"column":0},"end":{"line":1,"column":55}},"1":{"start":{"line":2,"column":0},"end":{"line":2,"column":0}},"2":{"start":{"line":3,"column":0},"end":{"line":3,"column":26}},"3":{"start":{"line":4,"column":0},"end":{"line":4,"column":34}},"4":{"start":{"line":5,"column":0},"end":{"line":5,"column":38}},"5":{"start":{"line":6,"column":0},"end":{"line":6,"column":3}},"6":{"start":{"line":7,"column":0},"end":{"line":7,"column":0}},"7":{"start":{"line":8,"column":0},"end":{"line":8,"column":21}},"8":{"start":{"line":9,"column":0},"end":{"line":9,"column":38}},"9":{"start":{"line":10,"column":0},"end":{"line":10,"column":0}},"10":{"start":{"line":11,"column":0},"end":{"line":11,"column":72}},"11":{"start":{"line":12,"column":0},"end":{"line":12,"column":38}},"12":{"start":{"line":13,"column":0},"end":{"line":13,"column":3}},"13":{"start":{"line":14,"column":0},"end":{"line":14,"column":0}},"14":{"start":{"line":15,"column":0},"end":{"line":15,"column":30}},"15":{"start":{"line":16,"column":0},"end":{"line":16,"column":32}},"16":{"start":{"line":17,"column":0},"end":{"line":17,"column":3}},"17":{"start":{"line":18,"column":0},"end":{"line":18,"column":0}},"18":{"start":{"line":19,"column":0},"end":{"line":19,"column":15}},"19":{"start":{"line":20,"column":0},"end":{"line":20,"column":19}},"20":{"start":{"line":21,"column":0},"end":{"line":21,"column":18}},"21":{"start":{"line":22,"column":0},"end":{"line":22,"column":19}},"22":{"start":{"line":23,"column":0},"end":{"line":23,"column":4}},"23":{"start":{"line":24,"column":0},"end":{"line":24,"column":0}},"24":{"start":{"line":25,"column":0},"end":{"line":25,"column":44}},"25":{"start":{"line":26,"column":0},"end":{"line":26,"column":46}},"26":{"start":{"line":27,"column":0},"end":{"line":27,"column":0}},"27":{"start":{"line":28,"column":0},"end":{"line":28,"column":36}},"28":{"start":{"line":29,"column":0},"end":{"line":29,"column":40}},"29":{"start":{"line":30,"column":0},"end":{"line":30,"column":5}},"30":{"start":{"line":31,"column":0},"end":{"line":31,"column":0}},"31":{"start":{"line":32,"column":0},"end":{"line":32,"column":17}},"32":{"start":{"line":33,"column":0},"end":{"line":33,"column":36}},"33":{"start":{"line":34,"column":0},"end":{"line":34,"column":5}},"34":{"start":{"line":35,"column":0},"end":{"line":35,"column":3}},"35":{"start":{"line":36,"column":0},"end":{"line":36,"column":0}},"36":{"start":{"line":37,"column":0},"end":{"line":37,"column":26}},"37":{"start":{"line":38,"column":0},"end":{"line":38,"column":0}},"38":{"start":{"line":39,"column":0},"end":{"line":39,"column":17}},"39":{"start":{"line":40,"column":0},"end":{"line":40,"column":1}},"40":{"start":{"line":41,"column":0},"end":{"line":41,"column":0}},"41":{"start":{"line":42,"column":0},"end":{"line":42,"column":28}}},"s":{"0":1,"1":1,"2":1,"3":6,"4":0,"5":0,"6":6,"7":6,"8":6,"9":6,"10":6,"11":1,"12":1,"13":5,"14":6,"15":0,"16":0,"17":5,"18":5,"19":5,"20":5,"21":5,"22":5,"23":5,"24":6,"25":10,"26":10,"27":10,"28":1,"29":1,"30":9,"31":9,"32":9,"33":9,"34":10,"35":4,"36":4,"37":4,"38":4,"39":4,"40":1,"41":1},"branchMap":{"0":{"type":"branch","line":3,"loc":{"start":{"line":3,"column":19},"end":{"line":40,"column":1}},"locations":[{"start":{"line":3,"column":19},"end":{"line":40,"column":1}}]},"1":{"type":"branch","line":4,"loc":{"start":{"line":4,"column":33},"end":{"line":6,"column":3}},"locations":[{"start":{"line":4,"column":33},"end":{"line":6,"column":3}}]},"2":{"type":"branch","line":11,"loc":{"start":{"line":11,"column":71},"end":{"line":13,"column":3}},"locations":[{"start":{"line":11,"column":71},"end":{"line":13,"column":3}}]},"3":{"type":"branch","line":14,"loc":{"start":{"line":14,"column":-2},"end":{"line":15,"column":6}},"locations":[{"start":{"line":14,"column":-2},"end":{"line":15,"column":6}}]},"4":{"type":"branch","line":15,"loc":{"start":{"line":15,"column":29},"end":{"line":17,"column":3}},"locations":[{"start":{"line":15,"column":29},"end":{"line":17,"column":3}}]},"5":{"type":"branch","line":18,"loc":{"start":{"line":18,"column":-2},"end":{"line":25,"column":7}},"locations":[{"start":{"line":18,"column":-2},"end":{"line":25,"column":7}}]},"6":{"type":"branch","line":25,"loc":{"start":{"line":25,"column":43},"end":{"line":35,"column":3}},"locations":[{"start":{"line":25,"column":43},"end":{"line":35,"column":3}}]},"7":{"type":"branch","line":28,"loc":{"start":{"line":28,"column":35},"end":{"line":30,"column":5}},"locations":[{"start":{"line":28,"column":35},"end":{"line":30,"column":5}}]},"8":{"type":"branch","line":31,"loc":{"start":{"line":31,"column":-2},"end":{"line":34,"column":5}},"locations":[{"start":{"line":31,"column":-2},"end":{"line":34,"column":5}}]},"9":{"type":"branch","line":36,"loc":{"start":{"line":36,"column":-2},"end":{"line":40,"column":1}},"locations":[{"start":{"line":36,"column":-2},"end":{"line":40,"column":1}}]},"10":{"type":"branch","line":11,"loc":{"start":{"line":11,"column":19},"end":{"line":11,"column":57}},"locations":[{"start":{"line":11,"column":19},"end":{"line":11,"column":57}}]}},"b":{"0":[6],"1":[0],"2":[1],"3":[5],"4":[0],"5":[5],"6":[10],"7":[1],"8":[9],"9":[4],"10":[24]},"fnMap":{"0":{"name":"getOptions","decl":{"start":{"line":3,"column":19},"end":{"line":40,"column":1}},"loc":{"start":{"line":3,"column":19},"end":{"line":40,"column":1}},"line":3}},"f":{"0":6}}
,"C:\\Users\\user\\Documents\\work\\rsschool\\nodeJs\\ciphering-cli-tool\\helpers\\configAst.js": {"path":"C:\\Users\\user\\Documents\\work\\rsschool\\nodeJs\\ciphering-cli-tool\\helpers\\configAst.js","all":false,"statementMap":{"0":{"start":{"line":1,"column":0},"end":{"line":1,"column":19}},"1":{"start":{"line":2,"column":0},"end":{"line":2,"column":14}},"2":{"start":{"line":3,"column":0},"end":{"line":3,"column":14}},"3":{"start":{"line":4,"column":0},"end":{"line":4,"column":2}},"4":{"start":{"line":5,"column":0},"end":{"line":5,"column":0}},"5":{"start":{"line":6,"column":0},"end":{"line":6,"column":34}},"6":{"start":{"line":7,"column":0},"end":{"line":7,"column":22}},"7":{"start":{"line":8,"column":0},"end":{"line":8,"column":15}},"8":{"start":{"line":9,"column":0},"end":{"line":9,"column":38}},"9":{"start":{"line":10,"column":0},"end":{"line":10,"column":48}},"10":{"start":{"line":11,"column":0},"end":{"line":11,"column":60}},"11":{"start":{"line":12,"column":0},"end":{"line":12,"column":48}},"12":{"start":{"line":13,"column":0},"end":{"line":13,"column":7}},"13":{"start":{"line":14,"column":0},"end":{"line":14,"column":0}},"14":{"start":{"line":15,"column":0},"end":{"line":15,"column":30}},"15":{"start":{"line":16,"column":0},"end":{"line":16,"column":60}},"16":{"start":{"line":17,"column":0},"end":{"line":17,"column":82}},"17":{"start":{"line":18,"column":0},"end":{"line":18,"column":65}},"18":{"start":{"line":19,"column":0},"end":{"line":19,"column":9}},"19":{"start":{"line":20,"column":0},"end":{"line":20,"column":7}},"20":{"start":{"line":21,"column":0},"end":{"line":21,"column":0}},"21":{"start":{"line":22,"column":0},"end":{"line":22,"column":34}},"22":{"start":{"line":23,"column":0},"end":{"line":23,"column":11}},"23":{"start":{"line":24,"column":0},"end":{"line":24,"column":3}},"24":{"start":{"line":25,"column":0},"end":{"line":25,"column":0}},"25":{"start":{"line":26,"column":0},"end":{"line":26,"column":20}},"26":{"start":{"line":27,"column":0},"end":{"line":27,"column":1}},"27":{"start":{"line":28,"column":0},"end":{"line":28,"column":0}},"28":{"start":{"line":29,"column":0},"end":{"line":29,"column":30}}},"s":{"0":1,"1":1,"2":1,"3":1,"4":1,"5":1,"6":8,"7":8,"8":8,"9":8,"10":48,"11":13,"12":13,"13":35,"14":35,"15":35,"16":35,"17":33,"18":33,"19":35,"20":2,"21":2,"22":8,"23":8,"24":6,"25":6,"26":6,"27":1,"28":1},"branchMap":{"0":{"type":"branch","line":6,"loc":{"start":{"line":6,"column":22},"end":{"line":27,"column":1}},"locations":[{"start":{"line":6,"column":22},"end":{"line":27,"column":1}}]},"1":{"type":"branch","line":25,"loc":{"start":{"line":25,"column":-2},"end":{"line":27,"column":1}},"locations":[{"start":{"line":25,"column":-2},"end":{"line":27,"column":1}}]},"2":{"type":"branch","line":10,"loc":{"start":{"line":10,"column":32},"end":{"line":23,"column":7}},"locations":[{"start":{"line":10,"column":32},"end":{"line":23,"column":7}}]},"3":{"type":"branch","line":11,"loc":{"start":{"line":11,"column":10},"end":{"line":11,"column":59}},"locations":[{"start":{"line":11,"column":10},"end":{"line":11,"column":59}}]},"4":{"type":"branch","line":11,"loc":{"start":{"line":11,"column":59},"end":{"line":13,"column":7}},"locations":[{"start":{"line":11,"column":59},"end":{"line":13,"column":7}}]},"5":{"type":"branch","line":14,"loc":{"start":{"line":14,"column":-2},"end":{"line":20,"column":7}},"locations":[{"start":{"line":14,"column":-2},"end":{"line":20,"column":7}}]},"6":{"type":"branch","line":17,"loc":{"start":{"line":17,"column":12},"end":{"line":17,"column":21}},"locations":[{"start":{"line":17,"column":12},"end":{"line":17,"column":21}}]},"7":{"type":"branch","line":17,"loc":{"start":{"line":17,"column":34},"end":{"line":17,"column":81}},"locations":[{"start":{"line":17,"column":34},"end":{"line":17,"column":81}}]},"8":{"type":"branch","line":17,"loc":{"start":{"line":17,"column":81},"end":{"line":19,"column":9}},"locations":[{"start":{"line":17,"column":81},"end":{"line":19,"column":9}}]},"9":{"type":"branch","line":21,"loc":{"start":{"line":21,"column":-2},"end":{"line":23,"column":7}},"locations":[{"start":{"line":21,"column":-2},"end":{"line":23,"column":7}}]}},"b":{"0":[8],"1":[6],"2":[48],"3":[13],"4":[13],"5":[35],"6":[33],"7":[18],"8":[33],"9":[2]},"fnMap":{"0":{"name":"getConfigAst","decl":{"start":{"line":6,"column":22},"end":{"line":27,"column":1}},"loc":{"start":{"line":6,"column":22},"end":{"line":27,"column":1}},"line":6}},"f":{"0":8}}
,"C:\\Users\\user\\Documents\\work\\rsschool\\nodeJs\\ciphering-cli-tool\\streams\\input-stream.js": {"path":"C:\\Users\\user\\Documents\\work\\rsschool\\nodeJs\\ciphering-cli-tool\\streams\\input-stream.js","all":false,"statementMap":{"0":{"start":{"line":1,"column":0},"end":{"line":1,"column":25}},"1":{"start":{"line":2,"column":0},"end":{"line":2,"column":29}},"2":{"start":{"line":3,"column":0},"end":{"line":3,"column":0}},"3":{"start":{"line":4,"column":0},"end":{"line":4,"column":36}},"4":{"start":{"line":5,"column":0},"end":{"line":5,"column":33}},"5":{"start":{"line":6,"column":0},"end":{"line":6,"column":46}},"6":{"start":{"line":7,"column":0},"end":{"line":7,"column":16}},"7":{"start":{"line":8,"column":0},"end":{"line":8,"column":2}},"8":{"start":{"line":9,"column":0},"end":{"line":9,"column":0}},"9":{"start":{"line":10,"column":0},"end":{"line":10,"column":36}},"10":{"start":{"line":11,"column":0},"end":{"line":11,"column":22}},"11":{"start":{"line":12,"column":0},"end":{"line":12,"column":44}},"12":{"start":{"line":13,"column":0},"end":{"line":13,"column":3}},"13":{"start":{"line":14,"column":0},"end":{"line":14,"column":23}},"14":{"start":{"line":15,"column":0},"end":{"line":15,"column":2}},"15":{"start":{"line":16,"column":0},"end":{"line":16,"column":0}},"16":{"start":{"line":17,"column":0},"end":{"line":17,"column":52}}},"s":{"0":1,"1":1,"2":1,"3":1,"4":4,"5":4,"6":4,"7":4,"8":1,"9":1,"10":5,"11":4,"12":4,"13":1,"14":1,"15":1,"16":1},"branchMap":{"0":{"type":"branch","line":4,"loc":{"start":{"line":4,"column":27},"end":{"line":8,"column":2}},"locations":[{"start":{"line":4,"column":27},"end":{"line":8,"column":2}}]},"1":{"type":"branch","line":10,"loc":{"start":{"line":10,"column":24},"end":{"line":15,"column":2}},"locations":[{"start":{"line":10,"column":24},"end":{"line":15,"column":2}}]},"2":{"type":"branch","line":11,"loc":{"start":{"line":11,"column":12},"end":{"line":11,"column":21}},"locations":[{"start":{"line":11,"column":12},"end":{"line":11,"column":21}}]},"3":{"type":"branch","line":11,"loc":{"start":{"line":11,"column":21},"end":{"line":13,"column":3}},"locations":[{"start":{"line":11,"column":21},"end":{"line":13,"column":3}}]},"4":{"type":"branch","line":14,"loc":{"start":{"line":14,"column":-2},"end":{"line":15,"column":2}},"locations":[{"start":{"line":14,"column":-2},"end":{"line":15,"column":2}}]},"5":{"type":"branch","line":17,"loc":{"start":{"line":17,"column":18},"end":{"line":17,"column":44}},"locations":[{"start":{"line":17,"column":18},"end":{"line":17,"column":44}}]}},"b":{"0":[4],"1":[5],"2":[4],"3":[4],"4":[1],"5":[5]},"fnMap":{"0":{"name":"getReadFileStream","decl":{"start":{"line":4,"column":27},"end":{"line":8,"column":2}},"loc":{"start":{"line":4,"column":27},"end":{"line":8,"column":2}},"line":4},"1":{"name":"getInputStream","decl":{"start":{"line":10,"column":24},"end":{"line":15,"column":2}},"loc":{"start":{"line":10,"column":24},"end":{"line":15,"column":2}},"line":10},"2":{"name":"Object.<anonymous>.module.exports","decl":{"start":{"line":17,"column":18},"end":{"line":17,"column":44}},"loc":{"start":{"line":17,"column":18},"end":{"line":17,"column":44}},"line":17}},"f":{"0":4,"1":5,"2":5}}
,"C:\\Users\\user\\Documents\\work\\rsschool\\nodeJs\\ciphering-cli-tool\\streams\\output-stream.js": {"path":"C:\\Users\\user\\Documents\\work\\rsschool\\nodeJs\\ciphering-cli-tool\\streams\\output-stream.js","all":false,"statementMap":{"0":{"start":{"line":1,"column":0},"end":{"line":1,"column":25}},"1":{"start":{"line":2,"column":0},"end":{"line":2,"column":29}},"2":{"start":{"line":3,"column":0},"end":{"line":3,"column":0}},"3":{"start":{"line":4,"column":0},"end":{"line":4,"column":37}},"4":{"start":{"line":5,"column":0},"end":{"line":5,"column":33}},"5":{"start":{"line":6,"column":0},"end":{"line":6,"column":47}},"6":{"start":{"line":7,"column":0},"end":{"line":7,"column":16}},"7":{"start":{"line":8,"column":0},"end":{"line":8,"column":2}},"8":{"start":{"line":9,"column":0},"end":{"line":9,"column":0}},"9":{"start":{"line":10,"column":0},"end":{"line":10,"column":37}},"10":{"start":{"line":11,"column":0},"end":{"line":11,"column":23}},"11":{"start":{"line":12,"column":0},"end":{"line":12,"column":45}},"12":{"start":{"line":13,"column":0},"end":{"line":13,"column":3}},"13":{"start":{"line":14,"column":0},"end":{"line":14,"column":24}},"14":{"start":{"line":15,"column":0},"end":{"line":15,"column":2}},"15":{"start":{"line":16,"column":0},"end":{"line":16,"column":0}},"16":{"start":{"line":17,"column":0},"end":{"line":17,"column":53}}},"s":{"0":1,"1":1,"2":1,"3":1,"4":4,"5":4,"6":4,"7":4,"8":1,"9":1,"10":5,"11":4,"12":4,"13":1,"14":1,"15":1,"16":1},"branchMap":{"0":{"type":"branch","line":4,"loc":{"start":{"line":4,"column":28},"end":{"line":8,"column":2}},"locations":[{"start":{"line":4,"column":28},"end":{"line":8,"column":2}}]},"1":{"type":"branch","line":10,"loc":{"start":{"line":10,"column":25},"end":{"line":15,"column":2}},"locations":[{"start":{"line":10,"column":25},"end":{"line":15,"column":2}}]},"2":{"type":"branch","line":11,"loc":{"start":{"line":11,"column":12},"end":{"line":11,"column":22}},"locations":[{"start":{"line":11,"column":12},"end":{"line":11,"column":22}}]},"3":{"type":"branch","line":11,"loc":{"start":{"line":11,"column":22},"end":{"line":13,"column":3}},"locations":[{"start":{"line":11,"column":22},"end":{"line":13,"column":3}}]},"4":{"type":"branch","line":14,"loc":{"start":{"line":14,"column":-2},"end":{"line":15,"column":2}},"locations":[{"start":{"line":14,"column":-2},"end":{"line":15,"column":2}}]},"5":{"type":"branch","line":17,"loc":{"start":{"line":17,"column":18},"end":{"line":17,"column":45}},"locations":[{"start":{"line":17,"column":18},"end":{"line":17,"column":45}}]}},"b":{"0":[4],"1":[5],"2":[4],"3":[4],"4":[1],"5":[5]},"fnMap":{"0":{"name":"getWriteFileStream","decl":{"start":{"line":4,"column":28},"end":{"line":8,"column":2}},"loc":{"start":{"line":4,"column":28},"end":{"line":8,"column":2}},"line":4},"1":{"name":"getOutputStream","decl":{"start":{"line":10,"column":25},"end":{"line":15,"column":2}},"loc":{"start":{"line":10,"column":25},"end":{"line":15,"column":2}},"line":10},"2":{"name":"Object.<anonymous>.module.exports","decl":{"start":{"line":17,"column":18},"end":{"line":17,"column":45}},"loc":{"start":{"line":17,"column":18},"end":{"line":17,"column":45}},"line":17}},"f":{"0":4,"1":5,"2":5}}
,"C:\\Users\\user\\Documents\\work\\rsschool\\nodeJs\\ciphering-cli-tool\\streams\\transform-stream.js": {"path":"C:\\Users\\user\\Documents\\work\\rsschool\\nodeJs\\ciphering-cli-tool\\streams\\transform-stream.js","all":false,"statementMap":{"0":{"start":{"line":1,"column":0},"end":{"line":1,"column":40}},"1":{"start":{"line":2,"column":0},"end":{"line":2,"column":40}},"2":{"start":{"line":3,"column":0},"end":{"line":3,"column":53}},"3":{"start":{"line":4,"column":0},"end":{"line":4,"column":0}},"4":{"start":{"line":5,"column":0},"end":{"line":5,"column":41}},"5":{"start":{"line":6,"column":0},"end":{"line":6,"column":13}},"6":{"start":{"line":7,"column":0},"end":{"line":7,"column":0}},"7":{"start":{"line":8,"column":0},"end":{"line":8,"column":27}},"8":{"start":{"line":9,"column":0},"end":{"line":9,"column":12}},"9":{"start":{"line":10,"column":0},"end":{"line":10,"column":33}},"10":{"start":{"line":11,"column":0},"end":{"line":11,"column":3}},"11":{"start":{"line":12,"column":0},"end":{"line":12,"column":0}},"12":{"start":{"line":13,"column":0},"end":{"line":13,"column":41}},"13":{"start":{"line":14,"column":0},"end":{"line":14,"column":9}},"14":{"start":{"line":15,"column":0},"end":{"line":15,"column":48}},"15":{"start":{"line":16,"column":0},"end":{"line":16,"column":0}},"16":{"start":{"line":17,"column":0},"end":{"line":17,"column":59}},"17":{"start":{"line":18,"column":0},"end":{"line":18,"column":52}},"18":{"start":{"line":19,"column":0},"end":{"line":19,"column":61}},"19":{"start":{"line":20,"column":0},"end":{"line":20,"column":7}},"20":{"start":{"line":21,"column":0},"end":{"line":21,"column":0}},"21":{"start":{"line":22,"column":0},"end":{"line":22,"column":35}},"22":{"start":{"line":23,"column":0},"end":{"line":23,"column":19}},"23":{"start":{"line":24,"column":0},"end":{"line":24,"column":20}},"24":{"start":{"line":25,"column":0},"end":{"line":25,"column":5}},"25":{"start":{"line":26,"column":0},"end":{"line":26,"column":3}},"26":{"start":{"line":27,"column":0},"end":{"line":27,"column":1}},"27":{"start":{"line":28,"column":0},"end":{"line":28,"column":0}},"28":{"start":{"line":29,"column":0},"end":{"line":29,"column":44}},"29":{"start":{"line":30,"column":0},"end":{"line":30,"column":42}},"30":{"start":{"line":31,"column":0},"end":{"line":31,"column":41}},"31":{"start":{"line":32,"column":0},"end":{"line":32,"column":2}},"32":{"start":{"line":33,"column":0},"end":{"line":33,"column":0}},"33":{"start":{"line":34,"column":0},"end":{"line":34,"column":56}}},"s":{"0":1,"1":1,"2":1,"3":1,"4":1,"5":1,"6":1,"7":1,"8":4,"9":4,"10":4,"11":1,"12":1,"13":4,"14":4,"15":4,"16":4,"17":34,"18":34,"19":34,"20":4,"21":4,"22":4,"23":0,"24":0,"25":4,"26":1,"27":1,"28":1,"29":4,"30":4,"31":4,"32":1,"33":1},"branchMap":{"0":{"type":"branch","line":6,"loc":{"start":{"line":6,"column":2},"end":{"line":6,"column":12}},"locations":[{"start":{"line":6,"column":2},"end":{"line":6,"column":12}}]},"1":{"type":"branch","line":8,"loc":{"start":{"line":8,"column":2},"end":{"line":11,"column":3}},"locations":[{"start":{"line":8,"column":2},"end":{"line":11,"column":3}}]},"2":{"type":"branch","line":13,"loc":{"start":{"line":13,"column":2},"end":{"line":26,"column":3}},"locations":[{"start":{"line":13,"column":2},"end":{"line":26,"column":3}}]},"3":{"type":"branch","line":17,"loc":{"start":{"line":17,"column":58},"end":{"line":20,"column":7}},"locations":[{"start":{"line":17,"column":58},"end":{"line":20,"column":7}}]},"4":{"type":"branch","line":23,"loc":{"start":{"line":23,"column":6},"end":{"line":25,"column":5}},"locations":[{"start":{"line":23,"column":6},"end":{"line":25,"column":5}}]},"5":{"type":"branch","line":29,"loc":{"start":{"line":29,"column":27},"end":{"line":32,"column":2}},"locations":[{"start":{"line":29,"column":27},"end":{"line":32,"column":2}}]},"6":{"type":"branch","line":34,"loc":{"start":{"line":34,"column":18},"end":{"line":34,"column":48}},"locations":[{"start":{"line":34,"column":18},"end":{"line":34,"column":48}}]}},"b":{"0":[4],"1":[4],"2":[4],"3":[34],"4":[0],"5":[4],"6":[4]},"fnMap":{"0":{"name":"<instance_members_initializer>","decl":{"start":{"line":6,"column":2},"end":{"line":6,"column":12}},"loc":{"start":{"line":6,"column":2},"end":{"line":6,"column":12}},"line":6},"1":{"name":"CipherTransform","decl":{"start":{"line":8,"column":2},"end":{"line":11,"column":3}},"loc":{"start":{"line":8,"column":2},"end":{"line":11,"column":3}},"line":8},"2":{"name":"_transform","decl":{"start":{"line":13,"column":2},"end":{"line":26,"column":3}},"loc":{"start":{"line":13,"column":2},"end":{"line":26,"column":3}},"line":13},"3":{"name":"getTransformStream","decl":{"start":{"line":29,"column":27},"end":{"line":32,"column":2}},"loc":{"start":{"line":29,"column":27},"end":{"line":32,"column":2}},"line":29},"4":{"name":"Object.<anonymous>.module.exports","decl":{"start":{"line":34,"column":18},"end":{"line":34,"column":48}},"loc":{"start":{"line":34,"column":18},"end":{"line":34,"column":48}},"line":34}},"f":{"0":4,"1":4,"2":4,"3":4,"4":4}}
,"C:\\Users\\user\\Documents\\work\\rsschool\\nodeJs\\ciphering-cli-tool\\tests\\ciphers\\config.js": {"path":"C:\\Users\\user\\Documents\\work\\rsschool\\nodeJs\\ciphering-cli-tool\\tests\\ciphers\\config.js","all":false,"statementMap":{"0":{"start":{"line":1,"column":0},"end":{"line":1,"column":18}},"1":{"start":{"line":2,"column":0},"end":{"line":2,"column":16}},"2":{"start":{"line":3,"column":0},"end":{"line":3,"column":16}},"3":{"start":{"line":4,"column":0},"end":{"line":4,"column":2}}},"s":{"0":1,"1":1,"2":1,"3":1},"branchMap":{},"b":{},"fnMap":{},"f":{}}
,"C:\\Users\\user\\Documents\\work\\rsschool\\nodeJs\\ciphering-cli-tool\\tool\\index.js": {"path":"C:\\Users\\user\\Documents\\work\\rsschool\\nodeJs\\ciphering-cli-tool\\tool\\index.js","all":false,"statementMap":{"0":{"start":{"line":1,"column":0},"end":{"line":1,"column":39}},"1":{"start":{"line":2,"column":0},"end":{"line":2,"column":58}},"2":{"start":{"line":3,"column":0},"end":{"line":3,"column":66}},"3":{"start":{"line":4,"column":0},"end":{"line":4,"column":60}},"4":{"start":{"line":5,"column":0},"end":{"line":5,"column":0}},"5":{"start":{"line":6,"column":0},"end":{"line":6,"column":59}},"6":{"start":{"line":7,"column":0},"end":{"line":7,"column":11}},"7":{"start":{"line":8,"column":0},"end":{"line":8,"column":27}},"8":{"start":{"line":9,"column":0},"end":{"line":9,"column":31}},"9":{"start":{"line":10,"column":0},"end":{"line":10,"column":28}},"10":{"start":{"line":11,"column":0},"end":{"line":11,"column":14}},"11":{"start":{"line":12,"column":0},"end":{"line":12,"column":16}},"12":{"start":{"line":13,"column":0},"end":{"line":13,"column":43}},"13":{"start":{"line":14,"column":0},"end":{"line":14,"column":32}},"14":{"start":{"line":15,"column":0},"end":{"line":15,"column":7}},"15":{"start":{"line":16,"column":0},"end":{"line":16,"column":16}},"16":{"start":{"line":17,"column":0},"end":{"line":17,"column":5}},"17":{"start":{"line":18,"column":0},"end":{"line":18,"column":4}},"18":{"start":{"line":19,"column":0},"end":{"line":19,"column":3}},"19":{"start":{"line":20,"column":0},"end":{"line":20,"column":0}},"20":{"start":{"line":21,"column":0},"end":{"line":21,"column":22}}},"s":{"0":1,"1":1,"2":1,"3":1,"4":1,"5":1,"6":4,"7":4,"8":4,"9":4,"10":4,"11":4,"12":0,"13":0,"14":0,"15":4,"16":4,"17":4,"18":4,"19":1,"20":1},"branchMap":{"0":{"type":"branch","line":6,"loc":{"start":{"line":6,"column":14},"end":{"line":19,"column":3}},"locations":[{"start":{"line":6,"column":14},"end":{"line":19,"column":3}}]},"1":{"type":"branch","line":6,"loc":{"start":{"line":6,"column":37},"end":{"line":19,"column":3}},"locations":[{"start":{"line":6,"column":37},"end":{"line":19,"column":3}}]},"2":{"type":"branch","line":11,"loc":{"start":{"line":11,"column":5},"end":{"line":17,"column":5}},"locations":[{"start":{"line":11,"column":5},"end":{"line":17,"column":5}}]},"3":{"type":"branch","line":12,"loc":{"start":{"line":12,"column":15},"end":{"line":15,"column":7}},"locations":[{"start":{"line":12,"column":15},"end":{"line":15,"column":7}}]}},"b":{"0":[4],"1":[4],"2":[4],"3":[0]},"fnMap":{"0":{"name":"tool","decl":{"start":{"line":6,"column":14},"end":{"line":19,"column":3}},"loc":{"start":{"line":6,"column":14},"end":{"line":19,"column":3}},"line":6}},"f":{"0":4}}
,"C:\\Users\\user\\Documents\\work\\rsschool\\nodeJs\\ciphering-cli-tool\\validatiors\\index.js": {"path":"C:\\Users\\user\\Documents\\work\\rsschool\\nodeJs\\ciphering-cli-tool\\validatiors\\index.js","all":false,"statementMap":{"0":{"start":{"line":1,"column":0},"end":{"line":1,"column":25}},"1":{"start":{"line":2,"column":0},"end":{"line":2,"column":29}},"2":{"start":{"line":3,"column":0},"end":{"line":3,"column":53}},"3":{"start":{"line":4,"column":0},"end":{"line":4,"column":0}},"4":{"start":{"line":5,"column":0},"end":{"line":5,"column":32}},"5":{"start":{"line":6,"column":0},"end":{"line":6,"column":7}},"6":{"start":{"line":7,"column":0},"end":{"line":7,"column":35}},"7":{"start":{"line":8,"column":0},"end":{"line":8,"column":34}},"8":{"start":{"line":9,"column":0},"end":{"line":9,"column":20}},"9":{"start":{"line":10,"column":0},"end":{"line":10,"column":5}},"10":{"start":{"line":11,"column":0},"end":{"line":11,"column":16}},"11":{"start":{"line":12,"column":0},"end":{"line":12,"column":45}},"12":{"start":{"line":13,"column":0},"end":{"line":13,"column":3}},"13":{"start":{"line":14,"column":0},"end":{"line":14,"column":2}},"14":{"start":{"line":15,"column":0},"end":{"line":15,"column":0}},"15":{"start":{"line":16,"column":0},"end":{"line":16,"column":33}},"16":{"start":{"line":17,"column":0},"end":{"line":17,"column":7}},"17":{"start":{"line":18,"column":0},"end":{"line":18,"column":35}},"18":{"start":{"line":19,"column":0},"end":{"line":19,"column":34}},"19":{"start":{"line":20,"column":0},"end":{"line":20,"column":20}},"20":{"start":{"line":21,"column":0},"end":{"line":21,"column":5}},"21":{"start":{"line":22,"column":0},"end":{"line":22,"column":16}},"22":{"start":{"line":23,"column":0},"end":{"line":23,"column":46}},"23":{"start":{"line":24,"column":0},"end":{"line":24,"column":3}},"24":{"start":{"line":25,"column":0},"end":{"line":25,"column":2}},"25":{"start":{"line":26,"column":0},"end":{"line":26,"column":0}},"26":{"start":{"line":27,"column":0},"end":{"line":27,"column":33}},"27":{"start":{"line":28,"column":0},"end":{"line":28,"column":20}},"28":{"start":{"line":29,"column":0},"end":{"line":29,"column":2}},"29":{"start":{"line":30,"column":0},"end":{"line":30,"column":0}},"30":{"start":{"line":31,"column":0},"end":{"line":31,"column":37}},"31":{"start":{"line":32,"column":0},"end":{"line":32,"column":39}},"32":{"start":{"line":33,"column":0},"end":{"line":33,"column":32}},"33":{"start":{"line":34,"column":0},"end":{"line":34,"column":3}},"34":{"start":{"line":35,"column":0},"end":{"line":35,"column":0}},"35":{"start":{"line":36,"column":0},"end":{"line":36,"column":40}},"36":{"start":{"line":37,"column":0},"end":{"line":37,"column":34}},"37":{"start":{"line":38,"column":0},"end":{"line":38,"column":3}},"38":{"start":{"line":39,"column":0},"end":{"line":39,"column":0}},"39":{"start":{"line":40,"column":0},"end":{"line":40,"column":40}},"40":{"start":{"line":41,"column":0},"end":{"line":41,"column":34}},"41":{"start":{"line":42,"column":0},"end":{"line":42,"column":3}},"42":{"start":{"line":43,"column":0},"end":{"line":43,"column":2}},"43":{"start":{"line":44,"column":0},"end":{"line":44,"column":0}},"44":{"start":{"line":45,"column":0},"end":{"line":45,"column":33}}},"s":{"0":1,"1":1,"2":1,"3":1,"4":1,"5":2,"6":2,"7":2,"8":1,"9":1,"10":2,"11":1,"12":1,"13":2,"14":1,"15":1,"16":1,"17":1,"18":1,"19":1,"20":1,"21":1,"22":1,"23":1,"24":1,"25":1,"26":1,"27":2,"28":2,"29":1,"30":1,"31":4,"32":2,"33":2,"34":3,"35":4,"36":1,"37":1,"38":2,"39":2,"40":2,"41":2,"42":4,"43":1,"44":1},"branchMap":{"0":{"type":"branch","line":5,"loc":{"start":{"line":5,"column":23},"end":{"line":14,"column":2}},"locations":[{"start":{"line":5,"column":23},"end":{"line":14,"column":2}}]},"1":{"type":"branch","line":8,"loc":{"start":{"line":8,"column":33},"end":{"line":10,"column":5}},"locations":[{"start":{"line":8,"column":33},"end":{"line":10,"column":5}}]},"2":{"type":"branch","line":11,"loc":{"start":{"line":11,"column":4},"end":{"line":13,"column":3}},"locations":[{"start":{"line":11,"column":4},"end":{"line":13,"column":3}}]},"3":{"type":"branch","line":16,"loc":{"start":{"line":16,"column":24},"end":{"line":25,"column":2}},"locations":[{"start":{"line":16,"column":24},"end":{"line":25,"column":2}}]},"4":{"type":"branch","line":27,"loc":{"start":{"line":27,"column":24},"end":{"line":29,"column":2}},"locations":[{"start":{"line":27,"column":24},"end":{"line":29,"column":2}}]},"5":{"type":"branch","line":31,"loc":{"start":{"line":31,"column":25},"end":{"line":43,"column":2}},"locations":[{"start":{"line":31,"column":25},"end":{"line":43,"column":2}}]},"6":{"type":"branch","line":32,"loc":{"start":{"line":32,"column":38},"end":{"line":34,"column":3}},"locations":[{"start":{"line":32,"column":38},"end":{"line":34,"column":3}}]},"7":{"type":"branch","line":35,"loc":{"start":{"line":35,"column":-2},"end":{"line":36,"column":6}},"locations":[{"start":{"line":35,"column":-2},"end":{"line":36,"column":6}}]},"8":{"type":"branch","line":36,"loc":{"start":{"line":36,"column":39},"end":{"line":38,"column":3}},"locations":[{"start":{"line":36,"column":39},"end":{"line":38,"column":3}}]},"9":{"type":"branch","line":39,"loc":{"start":{"line":39,"column":-2},"end":{"line":42,"column":3}},"locations":[{"start":{"line":39,"column":-2},"end":{"line":42,"column":3}}]}},"b":{"0":[2],"1":[1],"2":[1],"3":[1],"4":[2],"5":[4],"6":[2],"7":[3],"8":[1],"9":[2]},"fnMap":{"0":{"name":"validateInput","decl":{"start":{"line":5,"column":23},"end":{"line":14,"column":2}},"loc":{"start":{"line":5,"column":23},"end":{"line":14,"column":2}},"line":5},"1":{"name":"validateOutput","decl":{"start":{"line":16,"column":24},"end":{"line":25,"column":2}},"loc":{"start":{"line":16,"column":24},"end":{"line":25,"column":2}},"line":16},"2":{"name":"validateConfig","decl":{"start":{"line":27,"column":24},"end":{"line":29,"column":2}},"loc":{"start":{"line":27,"column":24},"end":{"line":29,"column":2}},"line":27},"3":{"name":"validateOptions","decl":{"start":{"line":31,"column":25},"end":{"line":43,"column":2}},"loc":{"start":{"line":31,"column":25},"end":{"line":43,"column":2}},"line":31}},"f":{"0":2,"1":1,"2":2,"3":4}}
}
