TN:
SF:ciphers\index.js
FN:4,createHashMap
FN:13,getCharCode
FN:23,getCipheredChar
FN:45,getAtbashedChar
FN:68,caesarCipher
FN:82,rotCipher
FN:96,atbash
FN:109,Object.<anonymous>.module.exports
FNF:8
FNH:8
FNDA:8,createHashMap
FNDA:744,getCharCode
FNDA:1008,getCipheredChar
FNDA:462,getAtbashedChar
FNDA:13,caesarCipher
FNDA:15,rotCipher
FNDA:12,atbash
FNDA:37,Object.<anonymous>.module.exports
DA:1,1
DA:2,1
DA:3,1
DA:4,8
DA:5,8
DA:6,8
DA:7,208
DA:8,208
DA:9,8
DA:10,8
DA:11,8
DA:12,1
DA:13,1
DA:14,744
DA:15,57
DA:16,744
DA:17,86
DA:18,86
DA:19,744
DA:20,744
DA:21,744
DA:22,1
DA:23,1
DA:24,1008
DA:25,1008
DA:26,1008
DA:27,696
DA:28,696
DA:29,696
DA:30,696
DA:31,696
DA:32,696
DA:33,312
DA:34,984
DA:35,48
DA:36,48
DA:37,48
DA:38,48
DA:39,48
DA:40,48
DA:41,264
DA:42,264
DA:43,264
DA:44,1
DA:45,1
DA:46,462
DA:47,462
DA:48,110
DA:49,110
DA:50,352
DA:51,352
DA:52,352
DA:53,462
DA:54,332
DA:55,332
DA:56,332
DA:57,352
DA:58,462
DA:59,20
DA:60,20
DA:61,20
DA:62,352
DA:63,352
DA:64,352
DA:65,352
DA:66,352
DA:67,1
DA:68,1
DA:69,13
DA:70,0
DA:71,0
DA:72,13
DA:73,13
DA:74,13
DA:75,13
DA:76,13
DA:77,463
DA:78,463
DA:79,13
DA:80,13
DA:81,1
DA:82,1
DA:83,15
DA:84,0
DA:85,0
DA:86,15
DA:87,15
DA:88,15
DA:89,15
DA:90,15
DA:91,545
DA:92,545
DA:93,15
DA:94,15
DA:95,1
DA:96,1
DA:97,12
DA:98,0
DA:99,0
DA:100,12
DA:101,12
DA:102,12
DA:103,12
DA:104,462
DA:105,462
DA:106,12
DA:107,12
DA:108,1
DA:109,1
DA:110,37
DA:111,37
DA:112,37
DA:113,37
DA:114,37
DA:115,37
LF:115
LH:109
BRDA:4,0,0,8
BRDA:6,1,0,208
BRDA:13,2,0,744
BRDA:14,3,0,57
BRDA:16,4,0,687
BRDA:16,5,0,86
BRDA:23,6,0,1008
BRDA:26,7,0,696
BRDA:33,8,0,984
BRDA:33,9,0,312
BRDA:34,10,0,48
BRDA:41,11,0,264
BRDA:45,12,0,462
BRDA:47,13,0,130
BRDA:47,14,0,110
BRDA:50,15,0,352
BRDA:53,16,0,332
BRDA:57,17,0,352
BRDA:58,18,0,20
BRDA:62,19,0,352
BRDA:68,20,0,13
BRDA:69,21,0,0
BRDA:73,22,0,9
BRDA:73,23,0,4
BRDA:76,24,0,463
BRDA:82,25,0,15
BRDA:83,26,0,0
BRDA:87,27,0,6
BRDA:87,28,0,9
BRDA:90,29,0,545
BRDA:96,30,0,12
BRDA:97,31,0,0
BRDA:103,32,0,462
BRDA:109,33,0,37
BRF:34
BRH:31
end_of_record
TN:
SF:helpers\cmd.js
FN:3,getOptions
FNF:1
FNH:1
FNDA:6,getOptions
DA:1,1
DA:2,1
DA:3,1
DA:4,6
DA:5,0
DA:6,0
DA:7,6
DA:8,6
DA:9,6
DA:10,6
DA:11,6
DA:12,1
DA:13,1
DA:14,5
DA:15,6
DA:16,0
DA:17,0
DA:18,5
DA:19,5
DA:20,5
DA:21,5
DA:22,5
DA:23,5
DA:24,5
DA:25,6
DA:26,10
DA:27,10
DA:28,10
DA:29,1
DA:30,1
DA:31,9
DA:32,9
DA:33,9
DA:34,9
DA:35,10
DA:36,4
DA:37,4
DA:38,4
DA:39,4
DA:40,4
DA:41,1
DA:42,1
LF:42
LH:38
BRDA:3,0,0,6
BRDA:4,1,0,0
BRDA:11,2,0,1
BRDA:14,3,0,5
BRDA:15,4,0,0
BRDA:18,5,0,5
BRDA:25,6,0,10
BRDA:28,7,0,1
BRDA:31,8,0,9
BRDA:36,9,0,4
BRDA:11,10,0,24
BRF:11
BRH:9
end_of_record
TN:
SF:helpers\configAst.js
FN:6,getConfigAst
FNF:1
FNH:1
FNDA:8,getConfigAst
DA:1,1
DA:2,1
DA:3,1
DA:4,1
DA:5,1
DA:6,1
DA:7,8
DA:8,8
DA:9,8
DA:10,8
DA:11,48
DA:12,13
DA:13,13
DA:14,35
DA:15,35
DA:16,35
DA:17,35
DA:18,33
DA:19,33
DA:20,35
DA:21,2
DA:22,2
DA:23,8
DA:24,8
DA:25,6
DA:26,6
DA:27,6
DA:28,1
DA:29,1
LF:29
LH:29
BRDA:6,0,0,8
BRDA:25,1,0,6
BRDA:10,2,0,48
BRDA:11,3,0,13
BRDA:11,4,0,13
BRDA:14,5,0,35
BRDA:17,6,0,33
BRDA:17,7,0,18
BRDA:17,8,0,33
BRDA:21,9,0,2
BRF:10
BRH:10
end_of_record
TN:
SF:streams\input-stream.js
FN:4,getReadFileStream
FN:10,getInputStream
FN:17,Object.<anonymous>.module.exports
FNF:3
FNH:3
FNDA:4,getReadFileStream
FNDA:5,getInputStream
FNDA:5,Object.<anonymous>.module.exports
DA:1,1
DA:2,1
DA:3,1
DA:4,1
DA:5,4
DA:6,4
DA:7,4
DA:8,4
DA:9,1
DA:10,1
DA:11,5
DA:12,4
DA:13,4
DA:14,1
DA:15,1
DA:16,1
DA:17,1
LF:17
LH:17
BRDA:4,0,0,4
BRDA:10,1,0,5
BRDA:11,2,0,4
BRDA:11,3,0,4
BRDA:14,4,0,1
BRDA:17,5,0,5
BRF:6
BRH:6
end_of_record
TN:
SF:streams\output-stream.js
FN:4,getWriteFileStream
FN:10,getOutputStream
FN:17,Object.<anonymous>.module.exports
FNF:3
FNH:3
FNDA:4,getWriteFileStream
FNDA:5,getOutputStream
FNDA:5,Object.<anonymous>.module.exports
DA:1,1
DA:2,1
DA:3,1
DA:4,1
DA:5,4
DA:6,4
DA:7,4
DA:8,4
DA:9,1
DA:10,1
DA:11,5
DA:12,4
DA:13,4
DA:14,1
DA:15,1
DA:16,1
DA:17,1
LF:17
LH:17
BRDA:4,0,0,4
BRDA:10,1,0,5
BRDA:11,2,0,4
BRDA:11,3,0,4
BRDA:14,4,0,1
BRDA:17,5,0,5
BRF:6
BRH:6
end_of_record
TN:
SF:streams\transform-stream.js
FN:6,<instance_members_initializer>
FN:8,CipherTransform
FN:13,_transform
FN:29,getTransformStream
FN:34,Object.<anonymous>.module.exports
FNF:5
FNH:5
FNDA:4,<instance_members_initializer>
FNDA:4,CipherTransform
FNDA:4,_transform
FNDA:4,getTransformStream
FNDA:4,Object.<anonymous>.module.exports
DA:1,1
DA:2,1
DA:3,1
DA:4,1
DA:5,1
DA:6,1
DA:7,1
DA:8,1
DA:9,4
DA:10,4
DA:11,4
DA:12,1
DA:13,1
DA:14,4
DA:15,4
DA:16,4
DA:17,4
DA:18,34
DA:19,34
DA:20,34
DA:21,4
DA:22,4
DA:23,4
DA:24,0
DA:25,0
DA:26,4
DA:27,1
DA:28,1
DA:29,1
DA:30,4
DA:31,4
DA:32,4
DA:33,1
DA:34,1
LF:34
LH:32
BRDA:6,0,0,4
BRDA:8,1,0,4
BRDA:13,2,0,4
BRDA:17,3,0,34
BRDA:23,4,0,0
BRDA:29,5,0,4
BRDA:34,6,0,4
BRF:7
BRH:6
end_of_record
TN:
SF:tests\ciphers\config.js
FNF:0
FNH:0
DA:1,1
DA:2,1
DA:3,1
DA:4,1
LF:4
LH:4
BRF:0
BRH:0
end_of_record
TN:
SF:tool\index.js
FN:6,tool
FNF:1
FNH:1
FNDA:4,tool
DA:1,1
DA:2,1
DA:3,1
DA:4,1
DA:5,1
DA:6,1
DA:7,4
DA:8,4
DA:9,4
DA:10,4
DA:11,4
DA:12,4
DA:13,0
DA:14,0
DA:15,0
DA:16,4
DA:17,4
DA:18,4
DA:19,4
DA:20,1
DA:21,1
LF:21
LH:18
BRDA:6,0,0,4
BRDA:6,1,0,4
BRDA:11,2,0,4
BRDA:12,3,0,0
BRF:4
BRH:3
end_of_record
TN:
SF:validatiors\index.js
FN:5,validateInput
FN:16,validateOutput
FN:27,validateConfig
FN:31,validateOptions
FNF:4
FNH:4
FNDA:2,validateInput
FNDA:1,validateOutput
FNDA:2,validateConfig
FNDA:4,validateOptions
DA:1,1
DA:2,1
DA:3,1
DA:4,1
DA:5,1
DA:6,2
DA:7,2
DA:8,2
DA:9,1
DA:10,1
DA:11,2
DA:12,1
DA:13,1
DA:14,2
DA:15,1
DA:16,1
DA:17,1
DA:18,1
DA:19,1
DA:20,1
DA:21,1
DA:22,1
DA:23,1
DA:24,1
DA:25,1
DA:26,1
DA:27,1
DA:28,2
DA:29,2
DA:30,1
DA:31,1
DA:32,4
DA:33,2
DA:34,2
DA:35,3
DA:36,4
DA:37,1
DA:38,1
DA:39,2
DA:40,2
DA:41,2
DA:42,2
DA:43,4
DA:44,1
DA:45,1
LF:45
LH:45
BRDA:5,0,0,2
BRDA:8,1,0,1
BRDA:11,2,0,1
BRDA:16,3,0,1
BRDA:27,4,0,2
BRDA:31,5,0,4
BRDA:32,6,0,2
BRDA:35,7,0,3
BRDA:36,8,0,1
BRDA:39,9,0,2
BRF:10
BRH:10
end_of_record
